<?xml version="1.0" encoding="UTF-8"?>
<coverage generated="1651458681141" clover="3.2.0">
  <project timestamp="1651458681141" name="All files">
    <metrics statements="123" coveredstatements="116" conditionals="23" coveredconditionals="23" methods="65" coveredmethods="63" elements="211" coveredelements="202" complexity="0" loc="123" ncloc="123" packages="3" files="23" classes="23"/>
    <package name="fixtures">
      <metrics statements="3" coveredstatements="3" conditionals="0" coveredconditionals="0" methods="0" coveredmethods="0"/>
      <file name="categories.js" path="/Users/chanho/Desktop/chris/codesoom/react-week7-assignment-1/fixtures/categories.js">
        <metrics statements="1" coveredstatements="1" conditionals="0" coveredconditionals="0" methods="0" coveredmethods="0"/>
        <line num="1" count="1" type="stmt"/>
      </file>
      <file name="regions.js" path="/Users/chanho/Desktop/chris/codesoom/react-week7-assignment-1/fixtures/regions.js">
        <metrics statements="1" coveredstatements="1" conditionals="0" coveredconditionals="0" methods="0" coveredmethods="0"/>
        <line num="1" count="1" type="stmt"/>
      </file>
      <file name="restaurant.js" path="/Users/chanho/Desktop/chris/codesoom/react-week7-assignment-1/fixtures/restaurant.js">
        <metrics statements="0" coveredstatements="0" conditionals="0" coveredconditionals="0" methods="0" coveredmethods="0"/>
      </file>
      <file name="restaurants.js" path="/Users/chanho/Desktop/chris/codesoom/react-week7-assignment-1/fixtures/restaurants.js">
        <metrics statements="1" coveredstatements="1" conditionals="0" coveredconditionals="0" methods="0" coveredmethods="0"/>
        <line num="1" count="1" type="stmt"/>
      </file>
    </package>
    <package name="src">
      <metrics statements="100" coveredstatements="97" conditionals="23" coveredconditionals="23" methods="60" coveredmethods="59"/>
      <file name="AboutPage.jsx" path="/Users/chanho/Desktop/chris/codesoom/react-week7-assignment-1/src/AboutPage.jsx">
        <metrics statements="1" coveredstatements="1" conditionals="0" coveredconditionals="0" methods="1" coveredmethods="1"/>
        <line num="2" count="2" type="stmt"/>
      </file>
      <file name="App.jsx" path="/Users/chanho/Desktop/chris/codesoom/react-week7-assignment-1/src/App.jsx">
        <metrics statements="1" coveredstatements="1" conditionals="0" coveredconditionals="0" methods="1" coveredmethods="1"/>
        <line num="15" count="5" type="stmt"/>
      </file>
      <file name="CategoriesContainer.jsx" path="/Users/chanho/Desktop/chris/codesoom/react-week7-assignment-1/src/CategoriesContainer.jsx">
        <metrics statements="8" coveredstatements="8" conditionals="4" coveredconditionals="4" methods="4" coveredmethods="4"/>
        <line num="11" count="4" type="stmt"/>
        <line num="13" count="4" type="stmt"/>
        <line num="14" count="4" type="stmt"/>
        <line num="17" count="1" type="stmt"/>
        <line num="18" count="1" type="stmt"/>
        <line num="21" count="4" type="stmt"/>
        <line num="24" count="4" type="stmt"/>
        <line num="27" count="1" type="stmt"/>
      </file>
      <file name="HomePage.jsx" path="/Users/chanho/Desktop/chris/codesoom/react-week7-assignment-1/src/HomePage.jsx">
        <metrics statements="1" coveredstatements="1" conditionals="0" coveredconditionals="0" methods="1" coveredmethods="1"/>
        <line num="4" count="3" type="stmt"/>
      </file>
      <file name="LoginForm.jsx" path="/Users/chanho/Desktop/chris/codesoom/react-week7-assignment-1/src/LoginForm.jsx">
        <metrics statements="4" coveredstatements="4" conditionals="0" coveredconditionals="0" methods="2" coveredmethods="2"/>
        <line num="2" count="6" type="stmt"/>
        <line num="5" count="3" type="stmt"/>
        <line num="6" count="3" type="stmt"/>
        <line num="9" count="6" type="stmt"/>
      </file>
      <file name="LoginFormContainer.jsx" path="/Users/chanho/Desktop/chris/codesoom/react-week7-assignment-1/src/LoginFormContainer.jsx">
        <metrics statements="6" coveredstatements="6" conditionals="0" coveredconditionals="0" methods="3" coveredmethods="3"/>
        <line num="13" count="3" type="stmt"/>
        <line num="15" count="3" type="stmt"/>
        <line num="16" count="3" type="stmt"/>
        <line num="19" count="1" type="stmt"/>
        <line num="23" count="1" type="stmt"/>
        <line num="26" count="3" type="stmt"/>
      </file>
      <file name="LoginPage.jsx" path="/Users/chanho/Desktop/chris/codesoom/react-week7-assignment-1/src/LoginPage.jsx">
        <metrics statements="1" coveredstatements="1" conditionals="0" coveredconditionals="0" methods="1" coveredmethods="1"/>
        <line num="4" count="1" type="stmt"/>
      </file>
      <file name="MenuItems.jsx" path="/Users/chanho/Desktop/chris/codesoom/react-week7-assignment-1/src/MenuItems.jsx">
        <metrics statements="4" coveredstatements="4" conditionals="4" coveredconditionals="4" methods="2" coveredmethods="2"/>
        <line num="2" count="9" type="cond" truecount="4" falsecount="0"/>
        <line num="3" count="8" type="stmt"/>
        <line num="8" count="1" type="stmt"/>
        <line num="11" count="1" type="stmt"/>
      </file>
      <file name="NotFoundPage.jsx" path="/Users/chanho/Desktop/chris/codesoom/react-week7-assignment-1/src/NotFoundPage.jsx">
        <metrics statements="1" coveredstatements="1" conditionals="0" coveredconditionals="0" methods="1" coveredmethods="1"/>
        <line num="2" count="2" type="stmt"/>
      </file>
      <file name="RegionsContainer.jsx" path="/Users/chanho/Desktop/chris/codesoom/react-week7-assignment-1/src/RegionsContainer.jsx">
        <metrics statements="8" coveredstatements="8" conditionals="4" coveredconditionals="4" methods="4" coveredmethods="4"/>
        <line num="11" count="4" type="stmt"/>
        <line num="13" count="4" type="stmt"/>
        <line num="14" count="4" type="stmt"/>
        <line num="17" count="1" type="stmt"/>
        <line num="18" count="1" type="stmt"/>
        <line num="21" count="4" type="stmt"/>
        <line num="24" count="5" type="stmt"/>
        <line num="27" count="1" type="stmt"/>
      </file>
      <file name="RestaurantContainer.jsx" path="/Users/chanho/Desktop/chris/codesoom/react-week7-assignment-1/src/RestaurantContainer.jsx">
        <metrics statements="7" coveredstatements="7" conditionals="2" coveredconditionals="2" methods="2" coveredmethods="2"/>
        <line num="14" count="6" type="stmt"/>
        <line num="16" count="6" type="stmt"/>
        <line num="17" count="6" type="stmt"/>
        <line num="20" count="6" type="stmt"/>
        <line num="22" count="6" type="cond" truecount="2" falsecount="0"/>
        <line num="23" count="2" type="stmt"/>
        <line num="28" count="4" type="stmt"/>
      </file>
      <file name="RestaurantDetail.jsx" path="/Users/chanho/Desktop/chris/codesoom/react-week7-assignment-1/src/RestaurantDetail.jsx">
        <metrics statements="2" coveredstatements="2" conditionals="0" coveredconditionals="0" methods="1" coveredmethods="1"/>
        <line num="4" count="5" type="stmt"/>
        <line num="6" count="5" type="stmt"/>
      </file>
      <file name="RestaurantPage.jsx" path="/Users/chanho/Desktop/chris/codesoom/react-week7-assignment-1/src/RestaurantPage.jsx">
        <metrics statements="2" coveredstatements="2" conditionals="2" coveredconditionals="2" methods="1" coveredmethods="1"/>
        <line num="6" count="3" type="cond" truecount="2" falsecount="0"/>
        <line num="8" count="3" type="stmt"/>
      </file>
      <file name="RestaurantsContainer.jsx" path="/Users/chanho/Desktop/chris/codesoom/react-week7-assignment-1/src/RestaurantsContainer.jsx">
        <metrics statements="4" coveredstatements="4" conditionals="0" coveredconditionals="0" methods="3" coveredmethods="3"/>
        <line num="6" count="4" type="stmt"/>
        <line num="8" count="4" type="stmt"/>
        <line num="11" count="3" type="stmt"/>
        <line num="12" count="2" type="stmt"/>
      </file>
      <file name="RestaurantsPage.jsx" path="/Users/chanho/Desktop/chris/codesoom/react-week7-assignment-1/src/RestaurantsPage.jsx">
        <metrics statements="7" coveredstatements="7" conditionals="0" coveredconditionals="0" methods="3" coveredmethods="3"/>
        <line num="16" count="3" type="stmt"/>
        <line num="18" count="3" type="stmt"/>
        <line num="20" count="3" type="stmt"/>
        <line num="21" count="3" type="stmt"/>
        <line num="25" count="1" type="stmt"/>
        <line num="26" count="1" type="stmt"/>
        <line num="29" count="3" type="stmt"/>
      </file>
      <file name="actions.js" path="/Users/chanho/Desktop/chris/codesoom/react-week7-assignment-1/src/actions.js">
        <metrics statements="27" coveredstatements="24" conditionals="4" coveredconditionals="4" methods="16" coveredmethods="15"/>
        <line num="10" count="3" type="stmt"/>
        <line num="17" count="3" type="stmt"/>
        <line num="24" count="3" type="stmt"/>
        <line num="31" count="5" type="stmt"/>
        <line num="38" count="2" type="stmt"/>
        <line num="45" count="2" type="stmt"/>
        <line num="52" count="4" type="stmt"/>
        <line num="53" count="1" type="stmt"/>
        <line num="54" count="1" type="stmt"/>
        <line num="56" count="1" type="stmt"/>
        <line num="57" count="1" type="stmt"/>
        <line num="62" count="5" type="stmt"/>
        <line num="66" count="3" type="stmt"/>
        <line num="68" count="3" type="cond" truecount="4" falsecount="0"/>
        <line num="69" count="2" type="stmt"/>
        <line num="72" count="1" type="stmt"/>
        <line num="76" count="1" type="stmt"/>
        <line num="81" count="7" type="stmt"/>
        <line num="82" count="1" type="stmt"/>
        <line num="84" count="1" type="stmt"/>
        <line num="86" count="1" type="stmt"/>
        <line num="91" count="3" type="stmt"/>
        <line num="98" count="1" type="stmt"/>
        <line num="105" count="1" type="stmt"/>
        <line num="106" count="0" type="stmt"/>
        <line num="108" count="0" type="stmt"/>
        <line num="109" count="0" type="stmt"/>
      </file>
      <file name="reducer.js" path="/Users/chanho/Desktop/chris/codesoom/react-week7-assignment-1/src/reducer.js">
        <metrics statements="14" coveredstatements="14" conditionals="3" coveredconditionals="3" methods="10" coveredmethods="10"/>
        <line num="3" count="1" type="stmt"/>
        <line num="17" count="1" type="stmt"/>
        <line num="19" count="1" type="stmt"/>
        <line num="26" count="1" type="stmt"/>
        <line num="33" count="1" type="stmt"/>
        <line num="40" count="1" type="stmt"/>
        <line num="47" count="1" type="stmt"/>
        <line num="48" count="1" type="stmt"/>
        <line num="55" count="1" type="stmt"/>
        <line num="56" count="1" type="stmt"/>
        <line num="63" count="2" type="stmt"/>
        <line num="73" count="1" type="stmt"/>
        <line num="81" count="1" type="stmt"/>
        <line num="85" count="10" type="cond" truecount="2" falsecount="0"/>
      </file>
      <file name="utils.js" path="/Users/chanho/Desktop/chris/codesoom/react-week7-assignment-1/src/utils.js">
        <metrics statements="2" coveredstatements="2" conditionals="0" coveredconditionals="0" methods="4" coveredmethods="4"/>
        <line num="2" count="34" type="stmt"/>
        <line num="6" count="4" type="stmt"/>
      </file>
    </package>
    <package name="src.services">
      <metrics statements="20" coveredstatements="16" conditionals="0" coveredconditionals="0" methods="5" coveredmethods="4"/>
      <file name="api.js" path="/Users/chanho/Desktop/chris/codesoom/react-week7-assignment-1/src/services/api.js">
        <metrics statements="20" coveredstatements="16" conditionals="0" coveredconditionals="0" methods="5" coveredmethods="4"/>
        <line num="2" count="1" type="stmt"/>
        <line num="3" count="1" type="stmt"/>
        <line num="4" count="1" type="stmt"/>
        <line num="5" count="1" type="stmt"/>
        <line num="9" count="1" type="stmt"/>
        <line num="10" count="1" type="stmt"/>
        <line num="11" count="1" type="stmt"/>
        <line num="12" count="1" type="stmt"/>
        <line num="16" count="1" type="stmt"/>
        <line num="18" count="1" type="stmt"/>
        <line num="19" count="1" type="stmt"/>
        <line num="20" count="1" type="stmt"/>
        <line num="24" count="1" type="stmt"/>
        <line num="26" count="1" type="stmt"/>
        <line num="27" count="1" type="stmt"/>
        <line num="28" count="1" type="stmt"/>
        <line num="32" count="0" type="stmt"/>
        <line num="33" count="0" type="stmt"/>
        <line num="42" count="0" type="stmt"/>
        <line num="43" count="0" type="stmt"/>
      </file>
    </package>
  </project>
</coverage>
