{"/Users/chanho/Desktop/chris/codesoom/react-week7-assignment-1/fixtures/categories.js": {"path":"/Users/chanho/Desktop/chris/codesoom/react-week7-assignment-1/fixtures/categories.js","statementMap":{"0":{"start":{"line":1,"column":19},"end":{"line":4,"column":1}}},"fnMap":{},"branchMap":{},"s":{"0":1},"f":{},"b":{},"_coverageSchema":"1a1c01bbd47fc00a2c39e90264f33305004495a9","hash":"d641a5779bfbe90c8576e33b08a837151a630afb"}
,"/Users/chanho/Desktop/chris/codesoom/react-week7-assignment-1/fixtures/regions.js": {"path":"/Users/chanho/Desktop/chris/codesoom/react-week7-assignment-1/fixtures/regions.js","statementMap":{"0":{"start":{"line":1,"column":16},"end":{"line":4,"column":1}}},"fnMap":{},"branchMap":{},"s":{"0":1},"f":{},"b":{},"_coverageSchema":"1a1c01bbd47fc00a2c39e90264f33305004495a9","hash":"53b86e807235d3ff35d2aa3d57454719ae9015b9"}
,"/Users/chanho/Desktop/chris/codesoom/react-week7-assignment-1/fixtures/restaurant.js": {"path":"/Users/chanho/Desktop/chris/codesoom/react-week7-assignment-1/fixtures/restaurant.js","statementMap":{},"fnMap":{},"branchMap":{},"s":{},"f":{},"b":{},"_coverageSchema":"1a1c01bbd47fc00a2c39e90264f33305004495a9","hash":"a2357e86015a28f0179dc5d0a6454991a74d1001"}
,"/Users/chanho/Desktop/chris/codesoom/react-week7-assignment-1/fixtures/restaurants.js": {"path":"/Users/chanho/Desktop/chris/codesoom/react-week7-assignment-1/fixtures/restaurants.js","statementMap":{"0":{"start":{"line":1,"column":20},"end":{"line":5,"column":1}}},"fnMap":{},"branchMap":{},"s":{"0":1},"f":{},"b":{},"_coverageSchema":"1a1c01bbd47fc00a2c39e90264f33305004495a9","hash":"011c39a69a52ee80af6791b61ae6615c204d362e"}
,"/Users/chanho/Desktop/chris/codesoom/react-week7-assignment-1/src/AboutPage.jsx": {"path":"/Users/chanho/Desktop/chris/codesoom/react-week7-assignment-1/src/AboutPage.jsx","statementMap":{"0":{"start":{"line":2,"column":2},"end":{"line":7,"column":4}}},"fnMap":{"0":{"name":"AboutPage","decl":{"start":{"line":1,"column":24},"end":{"line":1,"column":33}},"loc":{"start":{"line":1,"column":36},"end":{"line":8,"column":1}},"line":1}},"branchMap":{},"s":{"0":2},"f":{"0":2},"b":{},"_coverageSchema":"1a1c01bbd47fc00a2c39e90264f33305004495a9","hash":"5cab204e908697c64e010d3091e02b7ea766b918"}
,"/Users/chanho/Desktop/chris/codesoom/react-week7-assignment-1/src/App.jsx": {"path":"/Users/chanho/Desktop/chris/codesoom/react-week7-assignment-1/src/App.jsx","statementMap":{"0":{"start":{"line":15,"column":2},"end":{"line":31,"column":4}}},"fnMap":{"0":{"name":"App","decl":{"start":{"line":14,"column":24},"end":{"line":14,"column":27}},"loc":{"start":{"line":14,"column":30},"end":{"line":32,"column":1}},"line":14}},"branchMap":{},"s":{"0":5},"f":{"0":5},"b":{},"_coverageSchema":"1a1c01bbd47fc00a2c39e90264f33305004495a9","hash":"1793c35a19535e7511368705bb16f9442701199a"}
,"/Users/chanho/Desktop/chris/codesoom/react-week7-assignment-1/src/CategoriesContainer.jsx": {"path":"/Users/chanho/Desktop/chris/codesoom/react-week7-assignment-1/src/CategoriesContainer.jsx","statementMap":{"0":{"start":{"line":11,"column":19},"end":{"line":11,"column":32}},"1":{"start":{"line":13,"column":21},"end":{"line":13,"column":51}},"2":{"start":{"line":14,"column":27},"end":{"line":14,"column":63}},"3":{"start":{"line":17,"column":4},"end":{"line":17,"column":41}},"4":{"start":{"line":18,"column":4},"end":{"line":18,"column":32}},"5":{"start":{"line":21,"column":2},"end":{"line":39,"column":4}},"6":{"start":{"line":24,"column":8},"end":{"line":36,"column":13}},"7":{"start":{"line":27,"column":27},"end":{"line":27,"column":51}}},"fnMap":{"0":{"name":"CategoriesContainer","decl":{"start":{"line":10,"column":24},"end":{"line":10,"column":43}},"loc":{"start":{"line":10,"column":46},"end":{"line":40,"column":1}},"line":10},"1":{"name":"handleClick","decl":{"start":{"line":16,"column":11},"end":{"line":16,"column":22}},"loc":{"start":{"line":16,"column":35},"end":{"line":19,"column":3}},"line":16},"2":{"name":"(anonymous_2)","decl":{"start":{"line":23,"column":22},"end":{"line":23,"column":23}},"loc":{"start":{"line":24,"column":8},"end":{"line":36,"column":13}},"line":24},"3":{"name":"(anonymous_3)","decl":{"start":{"line":27,"column":21},"end":{"line":27,"column":22}},"loc":{"start":{"line":27,"column":27},"end":{"line":27,"column":51}},"line":27}},"branchMap":{"0":{"loc":{"start":{"line":30,"column":13},"end":{"line":34,"column":20}},"type":"cond-expr","locations":[{"start":{"line":31,"column":14},"end":{"line":33,"column":17}},{"start":{"line":34,"column":16},"end":{"line":34,"column":20}}],"line":30},"1":{"loc":{"start":{"line":32,"column":17},"end":{"line":32,"column":67}},"type":"cond-expr","locations":[{"start":{"line":32,"column":55},"end":{"line":32,"column":60}},{"start":{"line":32,"column":63},"end":{"line":32,"column":67}}],"line":32}},"s":{"0":4,"1":4,"2":4,"3":1,"4":1,"5":4,"6":4,"7":1},"f":{"0":4,"1":1,"2":4,"3":1},"b":{"0":[2,2],"1":[1,1]},"_coverageSchema":"1a1c01bbd47fc00a2c39e90264f33305004495a9","hash":"1d330483cd481cb78ea94d00a5fe185f20322bcd"}
,"/Users/chanho/Desktop/chris/codesoom/react-week7-assignment-1/src/HomePage.jsx": {"path":"/Users/chanho/Desktop/chris/codesoom/react-week7-assignment-1/src/HomePage.jsx","statementMap":{"0":{"start":{"line":4,"column":2},"end":{"line":14,"column":4}}},"fnMap":{"0":{"name":"HomePage","decl":{"start":{"line":3,"column":24},"end":{"line":3,"column":32}},"loc":{"start":{"line":3,"column":35},"end":{"line":15,"column":1}},"line":3}},"branchMap":{},"s":{"0":3},"f":{"0":3},"b":{},"_coverageSchema":"1a1c01bbd47fc00a2c39e90264f33305004495a9","hash":"21f52a3dec63521475738cb541c8949701ae5457"}
,"/Users/chanho/Desktop/chris/codesoom/react-week7-assignment-1/src/LoginForm.jsx": {"path":"/Users/chanho/Desktop/chris/codesoom/react-week7-assignment-1/src/LoginForm.jsx","statementMap":{"0":{"start":{"line":2,"column":30},"end":{"line":2,"column":36}},"1":{"start":{"line":5,"column":40},"end":{"line":5,"column":45}},"2":{"start":{"line":6,"column":4},"end":{"line":6,"column":30}},"3":{"start":{"line":9,"column":2},"end":{"line":42,"column":4}}},"fnMap":{"0":{"name":"LoginForm","decl":{"start":{"line":1,"column":24},"end":{"line":1,"column":33}},"loc":{"start":{"line":1,"column":66},"end":{"line":43,"column":1}},"line":1},"1":{"name":"handleChange","decl":{"start":{"line":4,"column":11},"end":{"line":4,"column":23}},"loc":{"start":{"line":4,"column":31},"end":{"line":7,"column":3}},"line":4}},"branchMap":{},"s":{"0":6,"1":3,"2":3,"3":6},"f":{"0":6,"1":3},"b":{},"_coverageSchema":"1a1c01bbd47fc00a2c39e90264f33305004495a9","hash":"5b6447ecf30fa029051a8c20eec87cca171cbab3"}
,"/Users/chanho/Desktop/chris/codesoom/react-week7-assignment-1/src/LoginFormContainer.jsx": {"path":"/Users/chanho/Desktop/chris/codesoom/react-week7-assignment-1/src/LoginFormContainer.jsx","statementMap":{"0":{"start":{"line":13,"column":19},"end":{"line":13,"column":32}},"1":{"start":{"line":15,"column":30},"end":{"line":15,"column":61}},"2":{"start":{"line":16,"column":22},"end":{"line":16,"column":53}},"3":{"start":{"line":19,"column":4},"end":{"line":19,"column":48}},"4":{"start":{"line":23,"column":4},"end":{"line":23,"column":29}},"5":{"start":{"line":26,"column":2},"end":{"line":35,"column":4}}},"fnMap":{"0":{"name":"LoginFormContainer","decl":{"start":{"line":12,"column":24},"end":{"line":12,"column":42}},"loc":{"start":{"line":12,"column":45},"end":{"line":36,"column":1}},"line":12},"1":{"name":"handleChange","decl":{"start":{"line":18,"column":11},"end":{"line":18,"column":23}},"loc":{"start":{"line":18,"column":41},"end":{"line":20,"column":3}},"line":18},"2":{"name":"handleSubmit","decl":{"start":{"line":22,"column":11},"end":{"line":22,"column":23}},"loc":{"start":{"line":22,"column":26},"end":{"line":24,"column":3}},"line":22}},"branchMap":{},"s":{"0":3,"1":3,"2":3,"3":1,"4":1,"5":3},"f":{"0":3,"1":1,"2":1},"b":{},"_coverageSchema":"1a1c01bbd47fc00a2c39e90264f33305004495a9","hash":"5460bb2e9fa76b36be74815445e5c36f273485f8"}
,"/Users/chanho/Desktop/chris/codesoom/react-week7-assignment-1/src/LoginPage.jsx": {"path":"/Users/chanho/Desktop/chris/codesoom/react-week7-assignment-1/src/LoginPage.jsx","statementMap":{"0":{"start":{"line":4,"column":2},"end":{"line":9,"column":4}}},"fnMap":{"0":{"name":"LoginPage","decl":{"start":{"line":3,"column":24},"end":{"line":3,"column":33}},"loc":{"start":{"line":3,"column":36},"end":{"line":10,"column":1}},"line":3}},"branchMap":{},"s":{"0":1},"f":{"0":1},"b":{},"_coverageSchema":"1a1c01bbd47fc00a2c39e90264f33305004495a9","hash":"3966e93b1e460a8f3a7012ac140085f3c2d24fef"}
,"/Users/chanho/Desktop/chris/codesoom/react-week7-assignment-1/src/MenuItems.jsx": {"path":"/Users/chanho/Desktop/chris/codesoom/react-week7-assignment-1/src/MenuItems.jsx","statementMap":{"0":{"start":{"line":2,"column":2},"end":{"line":6,"column":3}},"1":{"start":{"line":3,"column":4},"end":{"line":5,"column":6}},"2":{"start":{"line":8,"column":2},"end":{"line":16,"column":4}},"3":{"start":{"line":11,"column":8},"end":{"line":13,"column":13}}},"fnMap":{"0":{"name":"MenuItems","decl":{"start":{"line":1,"column":24},"end":{"line":1,"column":33}},"loc":{"start":{"line":1,"column":49},"end":{"line":17,"column":1}},"line":1},"1":{"name":"(anonymous_1)","decl":{"start":{"line":10,"column":21},"end":{"line":10,"column":22}},"loc":{"start":{"line":11,"column":8},"end":{"line":13,"column":13}},"line":11}},"branchMap":{"0":{"loc":{"start":{"line":2,"column":2},"end":{"line":6,"column":3}},"type":"if","locations":[{"start":{"line":2,"column":2},"end":{"line":6,"column":3}},{"start":{"line":2,"column":2},"end":{"line":6,"column":3}}],"line":2},"1":{"loc":{"start":{"line":2,"column":8},"end":{"line":2,"column":23}},"type":"binary-expr","locations":[{"start":{"line":2,"column":8},"end":{"line":2,"column":17}},{"start":{"line":2,"column":21},"end":{"line":2,"column":23}}],"line":2}},"s":{"0":9,"1":8,"2":1,"3":1},"f":{"0":9,"1":1},"b":{"0":[8,1],"1":[9,7]},"_coverageSchema":"1a1c01bbd47fc00a2c39e90264f33305004495a9","hash":"d1829a514f4284d724376a847de6a6850e9040bd"}
,"/Users/chanho/Desktop/chris/codesoom/react-week7-assignment-1/src/NotFoundPage.jsx": {"path":"/Users/chanho/Desktop/chris/codesoom/react-week7-assignment-1/src/NotFoundPage.jsx","statementMap":{"0":{"start":{"line":2,"column":2},"end":{"line":4,"column":4}}},"fnMap":{"0":{"name":"NotFoundPage","decl":{"start":{"line":1,"column":24},"end":{"line":1,"column":36}},"loc":{"start":{"line":1,"column":39},"end":{"line":5,"column":1}},"line":1}},"branchMap":{},"s":{"0":2},"f":{"0":2},"b":{},"_coverageSchema":"1a1c01bbd47fc00a2c39e90264f33305004495a9","hash":"95f6a57d88d1280165805aaf88c4290a32602191"}
,"/Users/chanho/Desktop/chris/codesoom/react-week7-assignment-1/src/RegionsContainer.jsx": {"path":"/Users/chanho/Desktop/chris/codesoom/react-week7-assignment-1/src/RegionsContainer.jsx","statementMap":{"0":{"start":{"line":11,"column":19},"end":{"line":11,"column":32}},"1":{"start":{"line":13,"column":18},"end":{"line":13,"column":45}},"2":{"start":{"line":14,"column":25},"end":{"line":14,"column":59}},"3":{"start":{"line":17,"column":4},"end":{"line":17,"column":37}},"4":{"start":{"line":18,"column":4},"end":{"line":18,"column":32}},"5":{"start":{"line":21,"column":2},"end":{"line":39,"column":4}},"6":{"start":{"line":24,"column":8},"end":{"line":36,"column":13}},"7":{"start":{"line":27,"column":27},"end":{"line":27,"column":49}}},"fnMap":{"0":{"name":"RegionsContainer","decl":{"start":{"line":10,"column":24},"end":{"line":10,"column":40}},"loc":{"start":{"line":10,"column":43},"end":{"line":40,"column":1}},"line":10},"1":{"name":"handleClick","decl":{"start":{"line":16,"column":11},"end":{"line":16,"column":22}},"loc":{"start":{"line":16,"column":33},"end":{"line":19,"column":3}},"line":16},"2":{"name":"(anonymous_2)","decl":{"start":{"line":23,"column":19},"end":{"line":23,"column":20}},"loc":{"start":{"line":24,"column":8},"end":{"line":36,"column":13}},"line":24},"3":{"name":"(anonymous_3)","decl":{"start":{"line":27,"column":21},"end":{"line":27,"column":22}},"loc":{"start":{"line":27,"column":27},"end":{"line":27,"column":49}},"line":27}},"branchMap":{"0":{"loc":{"start":{"line":30,"column":13},"end":{"line":34,"column":20}},"type":"cond-expr","locations":[{"start":{"line":31,"column":14},"end":{"line":33,"column":17}},{"start":{"line":34,"column":16},"end":{"line":34,"column":20}}],"line":30},"1":{"loc":{"start":{"line":32,"column":17},"end":{"line":32,"column":63}},"type":"cond-expr","locations":[{"start":{"line":32,"column":51},"end":{"line":32,"column":56}},{"start":{"line":32,"column":59},"end":{"line":32,"column":63}}],"line":32}},"s":{"0":4,"1":4,"2":4,"3":1,"4":1,"5":4,"6":5,"7":1},"f":{"0":4,"1":1,"2":5,"3":1},"b":{"0":[2,3],"1":[1,1]},"_coverageSchema":"1a1c01bbd47fc00a2c39e90264f33305004495a9","hash":"c369fae03aa9bc590b6d7f0420ee318585a36fc6"}
,"/Users/chanho/Desktop/chris/codesoom/react-week7-assignment-1/src/RestaurantContainer.jsx": {"path":"/Users/chanho/Desktop/chris/codesoom/react-week7-assignment-1/src/RestaurantContainer.jsx","statementMap":{"0":{"start":{"line":14,"column":19},"end":{"line":14,"column":32}},"1":{"start":{"line":16,"column":2},"end":{"line":18,"column":9}},"2":{"start":{"line":17,"column":4},"end":{"line":17,"column":47}},"3":{"start":{"line":20,"column":21},"end":{"line":20,"column":51}},"4":{"start":{"line":22,"column":2},"end":{"line":26,"column":3}},"5":{"start":{"line":23,"column":4},"end":{"line":25,"column":6}},"6":{"start":{"line":28,"column":2},"end":{"line":32,"column":4}}},"fnMap":{"0":{"name":"RestaurantContainer","decl":{"start":{"line":13,"column":24},"end":{"line":13,"column":43}},"loc":{"start":{"line":13,"column":62},"end":{"line":33,"column":1}},"line":13},"1":{"name":"(anonymous_1)","decl":{"start":{"line":16,"column":12},"end":{"line":16,"column":13}},"loc":{"start":{"line":16,"column":18},"end":{"line":18,"column":3}},"line":16}},"branchMap":{"0":{"loc":{"start":{"line":22,"column":2},"end":{"line":26,"column":3}},"type":"if","locations":[{"start":{"line":22,"column":2},"end":{"line":26,"column":3}},{"start":{"line":22,"column":2},"end":{"line":26,"column":3}}],"line":22}},"s":{"0":6,"1":6,"2":6,"3":6,"4":6,"5":2,"6":4},"f":{"0":6,"1":6},"b":{"0":[2,4]},"_coverageSchema":"1a1c01bbd47fc00a2c39e90264f33305004495a9","hash":"e151a6e64a3f4dde45d7f82d51f7e477b2a1c24b"}
,"/Users/chanho/Desktop/chris/codesoom/react-week7-assignment-1/src/RestaurantDetail.jsx": {"path":"/Users/chanho/Desktop/chris/codesoom/react-week7-assignment-1/src/RestaurantDetail.jsx","statementMap":{"0":{"start":{"line":4,"column":39},"end":{"line":4,"column":49}},"1":{"start":{"line":6,"column":2},"end":{"line":17,"column":4}}},"fnMap":{"0":{"name":"RestaurantDetail","decl":{"start":{"line":3,"column":24},"end":{"line":3,"column":40}},"loc":{"start":{"line":3,"column":57},"end":{"line":18,"column":1}},"line":3}},"branchMap":{},"s":{"0":5,"1":5},"f":{"0":5},"b":{},"_coverageSchema":"1a1c01bbd47fc00a2c39e90264f33305004495a9","hash":"faf27e3fbd382c1b90760d345ae037c92f48485a"}
,"/Users/chanho/Desktop/chris/codesoom/react-week7-assignment-1/src/RestaurantPage.jsx": {"path":"/Users/chanho/Desktop/chris/codesoom/react-week7-assignment-1/src/RestaurantPage.jsx","statementMap":{"0":{"start":{"line":6,"column":17},"end":{"line":6,"column":38}},"1":{"start":{"line":8,"column":2},"end":{"line":10,"column":4}}},"fnMap":{"0":{"name":"RestaurantPage","decl":{"start":{"line":5,"column":24},"end":{"line":5,"column":38}},"loc":{"start":{"line":5,"column":51},"end":{"line":11,"column":1}},"line":5}},"branchMap":{"0":{"loc":{"start":{"line":6,"column":17},"end":{"line":6,"column":38}},"type":"binary-expr","locations":[{"start":{"line":6,"column":17},"end":{"line":6,"column":23}},{"start":{"line":6,"column":27},"end":{"line":6,"column":38}}],"line":6}},"s":{"0":3,"1":3},"f":{"0":3},"b":{"0":[3,2]},"_coverageSchema":"1a1c01bbd47fc00a2c39e90264f33305004495a9","hash":"e4f2a0a69408b5b02dbc62971a092f751e7d0949"}
,"/Users/chanho/Desktop/chris/codesoom/react-week7-assignment-1/src/RestaurantsContainer.jsx": {"path":"/Users/chanho/Desktop/chris/codesoom/react-week7-assignment-1/src/RestaurantsContainer.jsx","statementMap":{"0":{"start":{"line":6,"column":22},"end":{"line":6,"column":53}},"1":{"start":{"line":8,"column":2},"end":{"line":18,"column":4}},"2":{"start":{"line":11,"column":8},"end":{"line":15,"column":13}},"3":{"start":{"line":12,"column":33},"end":{"line":12,"column":62}}},"fnMap":{"0":{"name":"RestaurantsContainer","decl":{"start":{"line":5,"column":24},"end":{"line":5,"column":44}},"loc":{"start":{"line":5,"column":68},"end":{"line":19,"column":1}},"line":5},"1":{"name":"(anonymous_1)","decl":{"start":{"line":10,"column":23},"end":{"line":10,"column":24}},"loc":{"start":{"line":11,"column":8},"end":{"line":15,"column":13}},"line":11},"2":{"name":"(anonymous_2)","decl":{"start":{"line":12,"column":27},"end":{"line":12,"column":28}},"loc":{"start":{"line":12,"column":33},"end":{"line":12,"column":62}},"line":12}},"branchMap":{},"s":{"0":4,"1":4,"2":3,"3":2},"f":{"0":4,"1":3,"2":2},"b":{},"_coverageSchema":"1a1c01bbd47fc00a2c39e90264f33305004495a9","hash":"e9a3c0b0aa4df8d40ddb0b34afd8f71affdcc1e3"}
,"/Users/chanho/Desktop/chris/codesoom/react-week7-assignment-1/src/RestaurantsPage.jsx": {"path":"/Users/chanho/Desktop/chris/codesoom/react-week7-assignment-1/src/RestaurantsPage.jsx","statementMap":{"0":{"start":{"line":16,"column":18},"end":{"line":16,"column":30}},"1":{"start":{"line":18,"column":19},"end":{"line":18,"column":32}},"2":{"start":{"line":20,"column":2},"end":{"line":22,"column":5}},"3":{"start":{"line":21,"column":4},"end":{"line":21,"column":32}},"4":{"start":{"line":25,"column":16},"end":{"line":25,"column":47}},"5":{"start":{"line":26,"column":4},"end":{"line":26,"column":22}},"6":{"start":{"line":29,"column":2},"end":{"line":35,"column":4}}},"fnMap":{"0":{"name":"RestaurantsPage","decl":{"start":{"line":15,"column":24},"end":{"line":15,"column":39}},"loc":{"start":{"line":15,"column":42},"end":{"line":36,"column":1}},"line":15},"1":{"name":"(anonymous_1)","decl":{"start":{"line":20,"column":12},"end":{"line":20,"column":13}},"loc":{"start":{"line":20,"column":18},"end":{"line":22,"column":3}},"line":20},"2":{"name":"handleClickRestaurant","decl":{"start":{"line":24,"column":11},"end":{"line":24,"column":32}},"loc":{"start":{"line":24,"column":45},"end":{"line":27,"column":3}},"line":24}},"branchMap":{},"s":{"0":3,"1":3,"2":3,"3":3,"4":1,"5":1,"6":3},"f":{"0":3,"1":3,"2":1},"b":{},"_coverageSchema":"1a1c01bbd47fc00a2c39e90264f33305004495a9","hash":"7576936ab6da9275cccf09fb28308bfff6c9c540"}
,"/Users/chanho/Desktop/chris/codesoom/react-week7-assignment-1/src/actions.js": {"path":"/Users/chanho/Desktop/chris/codesoom/react-week7-assignment-1/src/actions.js","statementMap":{"0":{"start":{"line":10,"column":2},"end":{"line":13,"column":4}},"1":{"start":{"line":17,"column":2},"end":{"line":20,"column":4}},"2":{"start":{"line":24,"column":2},"end":{"line":27,"column":4}},"3":{"start":{"line":31,"column":2},"end":{"line":34,"column":4}},"4":{"start":{"line":38,"column":2},"end":{"line":41,"column":4}},"5":{"start":{"line":45,"column":2},"end":{"line":48,"column":4}},"6":{"start":{"line":52,"column":2},"end":{"line":58,"column":4}},"7":{"start":{"line":53,"column":20},"end":{"line":53,"column":40}},"8":{"start":{"line":54,"column":4},"end":{"line":54,"column":34}},"9":{"start":{"line":56,"column":23},"end":{"line":56,"column":46}},"10":{"start":{"line":57,"column":4},"end":{"line":57,"column":40}},"11":{"start":{"line":62,"column":2},"end":{"line":77,"column":4}},"12":{"start":{"line":66,"column":8},"end":{"line":66,"column":18}},"13":{"start":{"line":68,"column":4},"end":{"line":70,"column":5}},"14":{"start":{"line":69,"column":6},"end":{"line":69,"column":13}},"15":{"start":{"line":72,"column":24},"end":{"line":75,"column":6}},"16":{"start":{"line":76,"column":4},"end":{"line":76,"column":42}},"17":{"start":{"line":81,"column":2},"end":{"line":87,"column":4}},"18":{"start":{"line":82,"column":4},"end":{"line":82,"column":34}},"19":{"start":{"line":84,"column":23},"end":{"line":84,"column":62}},"20":{"start":{"line":86,"column":4},"end":{"line":86,"column":40}},"21":{"start":{"line":91,"column":2},"end":{"line":94,"column":4}},"22":{"start":{"line":98,"column":2},"end":{"line":101,"column":4}},"23":{"start":{"line":105,"column":2},"end":{"line":110,"column":4}},"24":{"start":{"line":106,"column":49},"end":{"line":106,"column":59}},"25":{"start":{"line":108,"column":24},"end":{"line":108,"column":60}},"26":{"start":{"line":109,"column":4},"end":{"line":109,"column":42}}},"fnMap":{"0":{"name":"setRegions","decl":{"start":{"line":9,"column":16},"end":{"line":9,"column":26}},"loc":{"start":{"line":9,"column":36},"end":{"line":14,"column":1}},"line":9},"1":{"name":"setCategories","decl":{"start":{"line":16,"column":16},"end":{"line":16,"column":29}},"loc":{"start":{"line":16,"column":42},"end":{"line":21,"column":1}},"line":16},"2":{"name":"setRestaurants","decl":{"start":{"line":23,"column":16},"end":{"line":23,"column":30}},"loc":{"start":{"line":23,"column":44},"end":{"line":28,"column":1}},"line":23},"3":{"name":"setRestaurant","decl":{"start":{"line":30,"column":16},"end":{"line":30,"column":29}},"loc":{"start":{"line":30,"column":42},"end":{"line":35,"column":1}},"line":30},"4":{"name":"selectRegion","decl":{"start":{"line":37,"column":16},"end":{"line":37,"column":28}},"loc":{"start":{"line":37,"column":39},"end":{"line":42,"column":1}},"line":37},"5":{"name":"selectCategory","decl":{"start":{"line":44,"column":16},"end":{"line":44,"column":30}},"loc":{"start":{"line":44,"column":43},"end":{"line":49,"column":1}},"line":44},"6":{"name":"loadInitialData","decl":{"start":{"line":51,"column":16},"end":{"line":51,"column":31}},"loc":{"start":{"line":51,"column":34},"end":{"line":59,"column":1}},"line":51},"7":{"name":"(anonymous_7)","decl":{"start":{"line":52,"column":9},"end":{"line":52,"column":10}},"loc":{"start":{"line":52,"column":29},"end":{"line":58,"column":3}},"line":52},"8":{"name":"loadRestaurants","decl":{"start":{"line":61,"column":16},"end":{"line":61,"column":31}},"loc":{"start":{"line":61,"column":34},"end":{"line":78,"column":1}},"line":61},"9":{"name":"(anonymous_9)","decl":{"start":{"line":62,"column":9},"end":{"line":62,"column":10}},"loc":{"start":{"line":62,"column":39},"end":{"line":77,"column":3}},"line":62},"10":{"name":"loadRestaurant","decl":{"start":{"line":80,"column":16},"end":{"line":80,"column":30}},"loc":{"start":{"line":80,"column":49},"end":{"line":88,"column":1}},"line":80},"11":{"name":"(anonymous_11)","decl":{"start":{"line":81,"column":9},"end":{"line":81,"column":10}},"loc":{"start":{"line":81,"column":29},"end":{"line":87,"column":3}},"line":81},"12":{"name":"changeLoginField","decl":{"start":{"line":90,"column":16},"end":{"line":90,"column":32}},"loc":{"start":{"line":90,"column":50},"end":{"line":95,"column":1}},"line":90},"13":{"name":"setAccessToken","decl":{"start":{"line":97,"column":16},"end":{"line":97,"column":30}},"loc":{"start":{"line":97,"column":44},"end":{"line":102,"column":1}},"line":97},"14":{"name":"requestLogin","decl":{"start":{"line":104,"column":16},"end":{"line":104,"column":28}},"loc":{"start":{"line":104,"column":31},"end":{"line":111,"column":1}},"line":104},"15":{"name":"(anonymous_15)","decl":{"start":{"line":105,"column":9},"end":{"line":105,"column":10}},"loc":{"start":{"line":105,"column":39},"end":{"line":110,"column":3}},"line":105}},"branchMap":{"0":{"loc":{"start":{"line":68,"column":4},"end":{"line":70,"column":5}},"type":"if","locations":[{"start":{"line":68,"column":4},"end":{"line":70,"column":5}},{"start":{"line":68,"column":4},"end":{"line":70,"column":5}}],"line":68},"1":{"loc":{"start":{"line":68,"column":8},"end":{"line":68,"column":28}},"type":"binary-expr","locations":[{"start":{"line":68,"column":8},"end":{"line":68,"column":15}},{"start":{"line":68,"column":19},"end":{"line":68,"column":28}}],"line":68}},"s":{"0":3,"1":3,"2":3,"3":5,"4":2,"5":2,"6":4,"7":1,"8":1,"9":1,"10":1,"11":5,"12":3,"13":3,"14":2,"15":1,"16":1,"17":7,"18":1,"19":1,"20":1,"21":3,"22":1,"23":1,"24":0,"25":0,"26":0},"f":{"0":3,"1":3,"2":3,"3":5,"4":2,"5":2,"6":4,"7":1,"8":5,"9":3,"10":7,"11":1,"12":3,"13":1,"14":1,"15":0},"b":{"0":[2,1],"1":[3,2]},"_coverageSchema":"1a1c01bbd47fc00a2c39e90264f33305004495a9","hash":"54828341305b40202b3548fd1512900732d60699"}
,"/Users/chanho/Desktop/chris/codesoom/react-week7-assignment-1/src/reducer.js": {"path":"/Users/chanho/Desktop/chris/codesoom/react-week7-assignment-1/src/reducer.js","statementMap":{"0":{"start":{"line":3,"column":21},"end":{"line":15,"column":1}},"1":{"start":{"line":17,"column":17},"end":{"line":78,"column":1}},"2":{"start":{"line":19,"column":4},"end":{"line":22,"column":6}},"3":{"start":{"line":26,"column":4},"end":{"line":29,"column":6}},"4":{"start":{"line":33,"column":4},"end":{"line":36,"column":6}},"5":{"start":{"line":40,"column":4},"end":{"line":43,"column":6}},"6":{"start":{"line":47,"column":24},"end":{"line":47,"column":29}},"7":{"start":{"line":48,"column":4},"end":{"line":51,"column":6}},"8":{"start":{"line":55,"column":27},"end":{"line":55,"column":32}},"9":{"start":{"line":56,"column":4},"end":{"line":59,"column":6}},"10":{"start":{"line":63,"column":4},"end":{"line":69,"column":6}},"11":{"start":{"line":73,"column":4},"end":{"line":76,"column":6}},"12":{"start":{"line":81,"column":2},"end":{"line":81,"column":15}},"13":{"start":{"line":85,"column":2},"end":{"line":85,"column":66}}},"fnMap":{"0":{"name":"(anonymous_0)","decl":{"start":{"line":18,"column":2},"end":{"line":18,"column":3}},"loc":{"start":{"line":18,"column":46},"end":{"line":23,"column":3}},"line":18},"1":{"name":"(anonymous_1)","decl":{"start":{"line":25,"column":2},"end":{"line":25,"column":3}},"loc":{"start":{"line":25,"column":52},"end":{"line":30,"column":3}},"line":25},"2":{"name":"(anonymous_2)","decl":{"start":{"line":32,"column":2},"end":{"line":32,"column":3}},"loc":{"start":{"line":32,"column":54},"end":{"line":37,"column":3}},"line":32},"3":{"name":"(anonymous_3)","decl":{"start":{"line":39,"column":2},"end":{"line":39,"column":3}},"loc":{"start":{"line":39,"column":52},"end":{"line":44,"column":3}},"line":39},"4":{"name":"(anonymous_4)","decl":{"start":{"line":46,"column":2},"end":{"line":46,"column":3}},"loc":{"start":{"line":46,"column":49},"end":{"line":52,"column":3}},"line":46},"5":{"name":"(anonymous_5)","decl":{"start":{"line":54,"column":2},"end":{"line":54,"column":3}},"loc":{"start":{"line":54,"column":53},"end":{"line":60,"column":3}},"line":54},"6":{"name":"(anonymous_6)","decl":{"start":{"line":62,"column":2},"end":{"line":62,"column":3}},"loc":{"start":{"line":62,"column":56},"end":{"line":70,"column":3}},"line":62},"7":{"name":"(anonymous_7)","decl":{"start":{"line":72,"column":2},"end":{"line":72,"column":3}},"loc":{"start":{"line":72,"column":54},"end":{"line":77,"column":3}},"line":72},"8":{"name":"defaultReducer","decl":{"start":{"line":80,"column":9},"end":{"line":80,"column":23}},"loc":{"start":{"line":80,"column":31},"end":{"line":82,"column":1}},"line":80},"9":{"name":"reducer","decl":{"start":{"line":84,"column":24},"end":{"line":84,"column":31}},"loc":{"start":{"line":84,"column":62},"end":{"line":86,"column":1}},"line":84}},"branchMap":{"0":{"loc":{"start":{"line":84,"column":32},"end":{"line":84,"column":52}},"type":"default-arg","locations":[{"start":{"line":84,"column":40},"end":{"line":84,"column":52}}],"line":84},"1":{"loc":{"start":{"line":85,"column":10},"end":{"line":85,"column":49}},"type":"binary-expr","locations":[{"start":{"line":85,"column":10},"end":{"line":85,"column":31}},{"start":{"line":85,"column":35},"end":{"line":85,"column":49}}],"line":85}},"s":{"0":1,"1":1,"2":1,"3":1,"4":1,"5":1,"6":1,"7":1,"8":1,"9":1,"10":2,"11":1,"12":1,"13":10},"f":{"0":1,"1":1,"2":1,"3":1,"4":1,"5":1,"6":2,"7":1,"8":1,"9":10},"b":{"0":[1],"1":[10,1]},"_coverageSchema":"1a1c01bbd47fc00a2c39e90264f33305004495a9","hash":"adc40acadd2c745b9c97d5521aba165fe2cff397"}
,"/Users/chanho/Desktop/chris/codesoom/react-week7-assignment-1/src/utils.js": {"path":"/Users/chanho/Desktop/chris/codesoom/react-week7-assignment-1/src/utils.js","statementMap":{"0":{"start":{"line":2,"column":2},"end":{"line":2,"column":27}},"1":{"start":{"line":2,"column":18},"end":{"line":2,"column":26}},"2":{"start":{"line":6,"column":2},"end":{"line":6,"column":37}},"3":{"start":{"line":6,"column":18},"end":{"line":6,"column":36}}},"fnMap":{"0":{"name":"get","decl":{"start":{"line":1,"column":16},"end":{"line":1,"column":19}},"loc":{"start":{"line":1,"column":25},"end":{"line":3,"column":1}},"line":1},"1":{"name":"(anonymous_1)","decl":{"start":{"line":2,"column":9},"end":{"line":2,"column":10}},"loc":{"start":{"line":2,"column":18},"end":{"line":2,"column":26}},"line":2},"2":{"name":"equal","decl":{"start":{"line":5,"column":16},"end":{"line":5,"column":21}},"loc":{"start":{"line":5,"column":34},"end":{"line":7,"column":1}},"line":5},"3":{"name":"(anonymous_3)","decl":{"start":{"line":6,"column":9},"end":{"line":6,"column":10}},"loc":{"start":{"line":6,"column":18},"end":{"line":6,"column":36}},"line":6}},"branchMap":{},"s":{"0":34,"1":34,"2":4,"3":4},"f":{"0":34,"1":34,"2":4,"3":4},"b":{},"_coverageSchema":"1a1c01bbd47fc00a2c39e90264f33305004495a9","hash":"3b99c0fc7a53c9d3124a34b093f1bac703375cc8"}
,"/Users/chanho/Desktop/chris/codesoom/react-week7-assignment-1/src/services/api.js": {"path":"/Users/chanho/Desktop/chris/codesoom/react-week7-assignment-1/src/services/api.js","statementMap":{"0":{"start":{"line":2,"column":14},"end":{"line":2,"column":64}},"1":{"start":{"line":3,"column":19},"end":{"line":3,"column":35}},"2":{"start":{"line":4,"column":15},"end":{"line":4,"column":36}},"3":{"start":{"line":5,"column":2},"end":{"line":5,"column":14}},"4":{"start":{"line":9,"column":14},"end":{"line":9,"column":67}},"5":{"start":{"line":10,"column":19},"end":{"line":10,"column":35}},"6":{"start":{"line":11,"column":15},"end":{"line":11,"column":36}},"7":{"start":{"line":12,"column":2},"end":{"line":12,"column":14}},"8":{"start":{"line":16,"column":14},"end":{"line":17,"column":52}},"9":{"start":{"line":18,"column":19},"end":{"line":18,"column":35}},"10":{"start":{"line":19,"column":15},"end":{"line":19,"column":36}},"11":{"start":{"line":20,"column":2},"end":{"line":20,"column":14}},"12":{"start":{"line":24,"column":14},"end":{"line":25,"column":36}},"13":{"start":{"line":26,"column":19},"end":{"line":26,"column":35}},"14":{"start":{"line":27,"column":15},"end":{"line":27,"column":36}},"15":{"start":{"line":28,"column":2},"end":{"line":28,"column":14}},"16":{"start":{"line":32,"column":14},"end":{"line":32,"column":61}},"17":{"start":{"line":33,"column":19},"end":{"line":40,"column":6}},"18":{"start":{"line":42,"column":26},"end":{"line":42,"column":47}},"19":{"start":{"line":43,"column":2},"end":{"line":43,"column":21}}},"fnMap":{"0":{"name":"fetchRegions","decl":{"start":{"line":1,"column":22},"end":{"line":1,"column":34}},"loc":{"start":{"line":1,"column":37},"end":{"line":6,"column":1}},"line":1},"1":{"name":"fetchCategories","decl":{"start":{"line":8,"column":22},"end":{"line":8,"column":37}},"loc":{"start":{"line":8,"column":40},"end":{"line":13,"column":1}},"line":8},"2":{"name":"fetchRestaurants","decl":{"start":{"line":15,"column":22},"end":{"line":15,"column":38}},"loc":{"start":{"line":15,"column":67},"end":{"line":21,"column":1}},"line":15},"3":{"name":"fetchRestaurant","decl":{"start":{"line":23,"column":22},"end":{"line":23,"column":37}},"loc":{"start":{"line":23,"column":56},"end":{"line":29,"column":1}},"line":23},"4":{"name":"postLogin","decl":{"start":{"line":31,"column":22},"end":{"line":31,"column":31}},"loc":{"start":{"line":31,"column":53},"end":{"line":44,"column":1}},"line":31}},"branchMap":{},"s":{"0":1,"1":1,"2":1,"3":1,"4":1,"5":1,"6":1,"7":1,"8":1,"9":1,"10":1,"11":1,"12":1,"13":1,"14":1,"15":1,"16":0,"17":0,"18":0,"19":0},"f":{"0":1,"1":1,"2":1,"3":1,"4":0},"b":{},"_coverageSchema":"1a1c01bbd47fc00a2c39e90264f33305004495a9","hash":"fcb5df1c82f16f2f803ada84d6036b3d745dded6"}
}
