TN:
SF:fixtures/categories.js
FNF:0
FNH:0
DA:1,1
LF:1
LH:1
BRF:0
BRH:0
end_of_record
TN:
SF:fixtures/regions.js
FNF:0
FNH:0
DA:1,1
LF:1
LH:1
BRF:0
BRH:0
end_of_record
TN:
SF:fixtures/restaurant.js
FNF:0
FNH:0
LF:0
LH:0
BRF:0
BRH:0
end_of_record
TN:
SF:fixtures/restaurants.js
FNF:0
FNH:0
DA:1,1
LF:1
LH:1
BRF:0
BRH:0
end_of_record
TN:
SF:src/AboutPage.jsx
FN:1,AboutPage
FNF:1
FNH:1
FNDA:2,AboutPage
DA:2,2
LF:1
LH:1
BRF:0
BRH:0
end_of_record
TN:
SF:src/App.jsx
FN:19,App
FNF:1
FNH:1
FNDA:7,App
DA:20,7
DA:22,7
DA:23,7
DA:24,1
DA:27,7
LF:5
LH:5
BRDA:23,0,0,1
BRDA:23,0,1,6
BRF:2
BRH:2
end_of_record
TN:
SF:src/CategoriesContainer.jsx
FN:10,CategoriesContainer
FN:16,handleClick
FN:23,(anonymous_2)
FN:27,(anonymous_3)
FNF:4
FNH:4
FNDA:4,CategoriesContainer
FNDA:1,handleClick
FNDA:4,(anonymous_2)
FNDA:1,(anonymous_3)
DA:11,4
DA:13,4
DA:14,4
DA:17,1
DA:18,1
DA:21,4
DA:24,4
DA:27,1
LF:8
LH:8
BRDA:30,0,0,2
BRDA:30,0,1,2
BRDA:32,1,0,1
BRDA:32,1,1,1
BRF:4
BRH:4
end_of_record
TN:
SF:src/HomePage.jsx
FN:3,HomePage
FNF:1
FNH:1
FNDA:5,HomePage
DA:4,5
LF:1
LH:1
BRF:0
BRH:0
end_of_record
TN:
SF:src/LoginForm.jsx
FN:1,LoginForm
FN:4,handleChange
FNF:2
FNH:2
FNDA:6,LoginForm
FNDA:3,handleChange
DA:2,6
DA:5,3
DA:6,3
DA:9,6
LF:4
LH:4
BRF:0
BRH:0
end_of_record
TN:
SF:src/LoginFormContainer.jsx
FN:14,LoginFormContainer
FN:20,handleChange
FN:24,handleSubmit
FN:28,handleClickLogout
FNF:4
FNH:4
FNDA:4,LoginFormContainer
FNDA:1,handleChange
FNDA:1,handleSubmit
FNDA:1,handleClickLogout
DA:15,4
DA:17,4
DA:18,4
DA:21,1
DA:25,1
DA:29,1
DA:32,4
LF:7
LH:7
BRDA:34,0,0,1
BRDA:34,0,1,3
BRF:2
BRH:2
end_of_record
TN:
SF:src/LoginPage.jsx
FN:3,LoginPage
FNF:1
FNH:1
FNDA:1,LoginPage
DA:4,1
LF:1
LH:1
BRF:0
BRH:0
end_of_record
TN:
SF:src/LogoutForm.jsx
FN:1,LogoutForm
FNF:1
FNH:1
FNDA:3,LogoutForm
DA:2,3
LF:1
LH:1
BRF:0
BRH:0
end_of_record
TN:
SF:src/MenuItems.jsx
FN:1,MenuItems
FN:10,(anonymous_1)
FNF:2
FNH:2
FNDA:17,MenuItems
FNDA:1,(anonymous_1)
DA:2,17
DA:3,16
DA:8,1
DA:11,1
LF:4
LH:4
BRDA:2,0,0,16
BRDA:2,0,1,1
BRDA:2,1,0,17
BRDA:2,1,1,15
BRF:4
BRH:4
end_of_record
TN:
SF:src/NotFoundPage.jsx
FN:1,NotFoundPage
FNF:1
FNH:1
FNDA:2,NotFoundPage
DA:2,2
LF:1
LH:1
BRF:0
BRH:0
end_of_record
TN:
SF:src/RegionsContainer.jsx
FN:10,RegionsContainer
FN:16,handleClick
FN:23,(anonymous_2)
FN:27,(anonymous_3)
FNF:4
FNH:4
FNDA:4,RegionsContainer
FNDA:1,handleClick
FNDA:5,(anonymous_2)
FNDA:1,(anonymous_3)
DA:11,4
DA:13,4
DA:14,4
DA:17,1
DA:18,1
DA:21,4
DA:24,5
DA:27,1
LF:8
LH:8
BRDA:30,0,0,2
BRDA:30,0,1,3
BRDA:32,1,0,1
BRDA:32,1,1,1
BRF:4
BRH:4
end_of_record
TN:
SF:src/RestaurantContainer.jsx
FN:18,RestaurantContainer
FN:21,(anonymous_1)
FN:24,(anonymous_2)
FN:39,handleChange
FN:43,handleSubmit
FNF:5
FNH:4
FNDA:14,RestaurantContainer
FNDA:14,(anonymous_1)
FNDA:14,(anonymous_2)
FNDA:2,handleChange
FNDA:0,handleSubmit
DA:19,14
DA:21,14
DA:22,14
DA:24,14
DA:25,14
DA:29,14
DA:30,14
DA:31,14
DA:33,14
DA:34,2
DA:40,2
DA:44,0
DA:46,0
DA:47,0
DA:50,12
LF:15
LH:12
BRDA:33,0,0,2
BRDA:33,0,1,12
BRDA:53,1,0,7
BRDA:53,1,1,5
BRF:4
BRH:4
end_of_record
TN:
SF:src/RestaurantDetail.jsx
FN:3,RestaurantDetail
FNF:1
FNH:1
FNDA:13,RestaurantDetail
DA:4,13
DA:6,13
LF:2
LH:2
BRF:0
BRH:0
end_of_record
TN:
SF:src/RestaurantPage.jsx
FN:5,RestaurantPage
FNF:1
FNH:1
FNDA:4,RestaurantPage
DA:6,4
DA:8,4
LF:2
LH:2
BRDA:6,0,0,4
BRDA:6,0,1,2
BRF:2
BRH:2
end_of_record
TN:
SF:src/RestaurantsContainer.jsx
FN:5,RestaurantsContainer
FN:10,(anonymous_1)
FN:12,(anonymous_2)
FNF:3
FNH:3
FNDA:4,RestaurantsContainer
FNDA:3,(anonymous_1)
FNDA:2,(anonymous_2)
DA:6,4
DA:8,4
DA:11,3
DA:12,2
LF:4
LH:4
BRF:0
BRH:0
end_of_record
TN:
SF:src/RestaurantsPage.jsx
FN:15,RestaurantsPage
FN:20,(anonymous_1)
FN:24,handleClickRestaurant
FNF:3
FNH:3
FNDA:3,RestaurantsPage
FNDA:3,(anonymous_1)
FNDA:1,handleClickRestaurant
DA:16,3
DA:18,3
DA:20,3
DA:21,3
DA:25,1
DA:26,1
DA:29,3
LF:7
LH:7
BRF:0
BRH:0
end_of_record
TN:
SF:src/ReviewForm.jsx
FN:3,ReviewForm
FNF:1
FNH:1
FNDA:10,ReviewForm
DA:4,10
LF:1
LH:1
BRF:0
BRH:0
end_of_record
TN:
SF:src/ReviewList.jsx
FN:1,ReviewList
FN:12,(anonymous_1)
FN:12,(anonymous_2)
FNF:3
FNH:3
FNDA:14,ReviewList
FNDA:2,(anonymous_1)
FNDA:4,(anonymous_2)
DA:2,14
DA:3,12
DA:8,2
DA:12,2
DA:13,4
LF:5
LH:5
BRDA:2,0,0,12
BRDA:2,0,1,2
BRDA:2,1,0,14
BRDA:2,1,1,10
BRF:4
BRH:4
end_of_record
TN:
SF:src/TextField.jsx
FN:1,TextField
FN:6,handleChange
FNF:2
FNH:2
FNDA:25,TextField
FNDA:5,handleChange
DA:4,25
DA:7,5
DA:8,5
DA:11,25
LF:4
LH:4
BRDA:2,0,0,12
BRF:1
BRH:1
end_of_record
TN:
SF:src/actions.js
FN:11,setRegions
FN:18,setCategories
FN:25,setRestaurants
FN:32,setRestaurant
FN:39,selectRegion
FN:46,selectCategory
FN:53,loadInitialData
FN:54,(anonymous_7)
FN:63,loadRestaurants
FN:64,(anonymous_9)
FN:82,loadRestaurant
FN:83,(anonymous_11)
FN:90,changeLoginField
FN:97,setAccessToken
FN:104,requestLogin
FN:105,(anonymous_15)
FN:118,logout
FN:124,changeReviewField
FN:131,sendReview
FN:132,(anonymous_19)
FNF:20
FNH:20
FNDA:3,setRegions
FNDA:3,setCategories
FNDA:3,setRestaurants
FNDA:19,setRestaurant
FNDA:2,selectRegion
FNDA:2,selectCategory
FNDA:4,loadInitialData
FNDA:1,(anonymous_7)
FNDA:5,loadRestaurants
FNDA:3,(anonymous_9)
FNDA:16,loadRestaurant
FNDA:2,(anonymous_11)
FNDA:3,changeLoginField
FNDA:4,setAccessToken
FNDA:4,requestLogin
FNDA:3,(anonymous_15)
FNDA:3,logout
FNDA:3,changeReviewField
FNDA:3,sendReview
FNDA:3,(anonymous_19)
DA:12,3
DA:19,3
DA:26,3
DA:33,19
DA:40,2
DA:47,2
DA:54,4
DA:55,1
DA:56,1
DA:58,1
DA:59,1
DA:64,5
DA:68,3
DA:70,3
DA:71,2
DA:74,1
DA:78,1
DA:83,16
DA:84,2
DA:86,2
DA:91,3
DA:98,4
DA:105,4
DA:106,3
DA:108,3
DA:110,1
DA:112,1
DA:114,1
DA:119,3
DA:125,3
DA:132,3
DA:133,3
DA:135,3
DA:137,1
DA:141,1
LF:35
LH:35
BRDA:70,0,0,2
BRDA:70,0,1,1
BRDA:70,1,0,3
BRDA:70,1,1,2
BRDA:108,2,0,2
BRDA:108,2,1,1
BRDA:108,3,0,3
BRDA:108,3,1,2
BRDA:135,4,0,2
BRDA:135,4,1,1
BRDA:135,5,0,3
BRDA:135,5,1,2
BRF:12
BRH:12
end_of_record
TN:
SF:src/reducer.js
FN:22,(anonymous_0)
FN:29,(anonymous_1)
FN:36,(anonymous_2)
FN:43,(anonymous_3)
FN:50,(anonymous_4)
FN:58,(anonymous_5)
FN:66,(anonymous_6)
FN:76,(anonymous_7)
FN:83,(anonymous_8)
FN:90,(anonymous_9)
FN:101,defaultReducer
FN:105,reducer
FNF:12
FNH:12
FNDA:1,(anonymous_0)
FNDA:1,(anonymous_1)
FNDA:1,(anonymous_2)
FNDA:1,(anonymous_3)
FNDA:1,(anonymous_4)
FNDA:1,(anonymous_5)
FNDA:2,(anonymous_6)
FNDA:1,(anonymous_7)
FNDA:1,(anonymous_8)
FNDA:1,(anonymous_9)
FNDA:1,defaultReducer
FNDA:12,reducer
DA:3,1
DA:21,1
DA:23,1
DA:30,1
DA:37,1
DA:44,1
DA:51,1
DA:52,1
DA:59,1
DA:60,1
DA:67,2
DA:77,1
DA:84,1
DA:91,1
DA:102,1
DA:106,12
LF:16
LH:16
BRDA:105,0,0,1
BRDA:106,1,0,12
BRDA:106,1,1,1
BRF:3
BRH:3
end_of_record
TN:
SF:src/utils.js
FN:1,get
FN:2,(anonymous_1)
FN:5,equal
FN:6,(anonymous_3)
FNF:4
FNH:4
FNDA:72,get
FNDA:72,(anonymous_1)
FNDA:4,equal
FNDA:4,(anonymous_3)
DA:2,72
DA:6,4
LF:2
LH:2
BRF:0
BRH:0
end_of_record
TN:
SF:src/services/api.js
FN:1,fetchRegions
FN:8,fetchCategories
FN:15,fetchRestaurants
FN:23,fetchRestaurant
FN:31,postLogin
FN:46,postReview
FNF:6
FNH:6
FNDA:1,fetchRegions
FNDA:1,fetchCategories
FNDA:1,fetchRestaurants
FNDA:1,fetchRestaurant
FNDA:1,postLogin
FNDA:1,postReview
DA:2,1
DA:3,1
DA:4,1
DA:5,1
DA:9,1
DA:10,1
DA:11,1
DA:12,1
DA:16,1
DA:18,1
DA:19,1
DA:20,1
DA:24,1
DA:26,1
DA:27,1
DA:28,1
DA:32,1
DA:33,1
DA:42,1
DA:43,1
DA:52,1
DA:55,1
DA:64,1
DA:66,1
LF:24
LH:24
BRF:0
BRH:0
end_of_record
TN:
SF:src/services/storage.js
FN:1,saveItem
FN:5,loadItem
FNF:2
FNH:1
FNDA:1,saveItem
FNDA:0,loadItem
DA:2,1
DA:6,0
LF:2
LH:1
BRF:0
BRH:0
end_of_record
