TN:
SF:fixtures/categories.js
FNF:0
FNH:0
DA:1,1
LF:1
LH:1
BRF:0
BRH:0
end_of_record
TN:
SF:fixtures/regions.js
FNF:0
FNH:0
DA:1,1
LF:1
LH:1
BRF:0
BRH:0
end_of_record
TN:
SF:fixtures/restaurant.js
FNF:0
FNH:0
LF:0
LH:0
BRF:0
BRH:0
end_of_record
TN:
SF:fixtures/restaurants.js
FNF:0
FNH:0
DA:1,1
LF:1
LH:1
BRF:0
BRH:0
end_of_record
TN:
SF:src/AboutPage.jsx
FN:1,AboutPage
FNF:1
FNH:1
FNDA:2,AboutPage
DA:2,2
LF:1
LH:1
BRF:0
BRH:0
end_of_record
TN:
SF:src/App.jsx
FN:14,App
FNF:1
FNH:1
FNDA:5,App
DA:15,5
LF:1
LH:1
BRF:0
BRH:0
end_of_record
TN:
SF:src/CategoriesContainer.jsx
FN:10,CategoriesContainer
FN:16,handleClick
FN:23,(anonymous_2)
FN:27,(anonymous_3)
FNF:4
FNH:4
FNDA:4,CategoriesContainer
FNDA:1,handleClick
FNDA:4,(anonymous_2)
FNDA:1,(anonymous_3)
DA:11,4
DA:13,4
DA:14,4
DA:17,1
DA:18,1
DA:21,4
DA:24,4
DA:27,1
LF:8
LH:8
BRDA:30,0,0,2
BRDA:30,0,1,2
BRDA:32,1,0,1
BRDA:32,1,1,1
BRF:4
BRH:4
end_of_record
TN:
SF:src/HomePage.jsx
FN:3,HomePage
FNF:1
FNH:1
FNDA:3,HomePage
DA:4,3
LF:1
LH:1
BRF:0
BRH:0
end_of_record
TN:
SF:src/LoginForm.jsx
FN:1,LoginForm
FN:4,handleChange
FNF:2
FNH:2
FNDA:6,LoginForm
FNDA:3,handleChange
DA:2,6
DA:5,3
DA:6,3
DA:9,6
LF:4
LH:4
BRF:0
BRH:0
end_of_record
TN:
SF:src/LoginFormContainer.jsx
FN:12,LoginFormContainer
FN:18,handleChange
FN:22,handleSubmit
FNF:3
FNH:3
FNDA:3,LoginFormContainer
FNDA:1,handleChange
FNDA:1,handleSubmit
DA:13,3
DA:15,3
DA:16,3
DA:19,1
DA:23,1
DA:26,3
LF:6
LH:6
BRF:0
BRH:0
end_of_record
TN:
SF:src/LoginPage.jsx
FN:3,LoginPage
FNF:1
FNH:1
FNDA:1,LoginPage
DA:4,1
LF:1
LH:1
BRF:0
BRH:0
end_of_record
TN:
SF:src/MenuItems.jsx
FN:1,MenuItems
FN:10,(anonymous_1)
FNF:2
FNH:2
FNDA:9,MenuItems
FNDA:1,(anonymous_1)
DA:2,9
DA:3,8
DA:8,1
DA:11,1
LF:4
LH:4
BRDA:2,0,0,8
BRDA:2,0,1,1
BRDA:2,1,0,9
BRDA:2,1,1,7
BRF:4
BRH:4
end_of_record
TN:
SF:src/NotFoundPage.jsx
FN:1,NotFoundPage
FNF:1
FNH:1
FNDA:2,NotFoundPage
DA:2,2
LF:1
LH:1
BRF:0
BRH:0
end_of_record
TN:
SF:src/RegionsContainer.jsx
FN:10,RegionsContainer
FN:16,handleClick
FN:23,(anonymous_2)
FN:27,(anonymous_3)
FNF:4
FNH:4
FNDA:4,RegionsContainer
FNDA:1,handleClick
FNDA:5,(anonymous_2)
FNDA:1,(anonymous_3)
DA:11,4
DA:13,4
DA:14,4
DA:17,1
DA:18,1
DA:21,4
DA:24,5
DA:27,1
LF:8
LH:8
BRDA:30,0,0,2
BRDA:30,0,1,3
BRDA:32,1,0,1
BRDA:32,1,1,1
BRF:4
BRH:4
end_of_record
TN:
SF:src/RestaurantContainer.jsx
FN:13,RestaurantContainer
FN:16,(anonymous_1)
FNF:2
FNH:2
FNDA:6,RestaurantContainer
FNDA:6,(anonymous_1)
DA:14,6
DA:16,6
DA:17,6
DA:20,6
DA:22,6
DA:23,2
DA:28,4
LF:7
LH:7
BRDA:22,0,0,2
BRDA:22,0,1,4
BRF:2
BRH:2
end_of_record
TN:
SF:src/RestaurantDetail.jsx
FN:3,RestaurantDetail
FNF:1
FNH:1
FNDA:5,RestaurantDetail
DA:4,5
DA:6,5
LF:2
LH:2
BRF:0
BRH:0
end_of_record
TN:
SF:src/RestaurantPage.jsx
FN:5,RestaurantPage
FNF:1
FNH:1
FNDA:3,RestaurantPage
DA:6,3
DA:8,3
LF:2
LH:2
BRDA:6,0,0,3
BRDA:6,0,1,2
BRF:2
BRH:2
end_of_record
TN:
SF:src/RestaurantsContainer.jsx
FN:5,RestaurantsContainer
FN:10,(anonymous_1)
FN:12,(anonymous_2)
FNF:3
FNH:3
FNDA:4,RestaurantsContainer
FNDA:3,(anonymous_1)
FNDA:2,(anonymous_2)
DA:6,4
DA:8,4
DA:11,3
DA:12,2
LF:4
LH:4
BRF:0
BRH:0
end_of_record
TN:
SF:src/RestaurantsPage.jsx
FN:15,RestaurantsPage
FN:20,(anonymous_1)
FN:24,handleClickRestaurant
FNF:3
FNH:3
FNDA:3,RestaurantsPage
FNDA:3,(anonymous_1)
FNDA:1,handleClickRestaurant
DA:16,3
DA:18,3
DA:20,3
DA:21,3
DA:25,1
DA:26,1
DA:29,3
LF:7
LH:7
BRF:0
BRH:0
end_of_record
TN:
SF:src/actions.js
FN:9,setRegions
FN:16,setCategories
FN:23,setRestaurants
FN:30,setRestaurant
FN:37,selectRegion
FN:44,selectCategory
FN:51,loadInitialData
FN:52,(anonymous_7)
FN:61,loadRestaurants
FN:62,(anonymous_9)
FN:80,loadRestaurant
FN:81,(anonymous_11)
FN:90,changeLoginField
FN:97,setAccessToken
FN:104,requestLogin
FN:105,(anonymous_15)
FNF:16
FNH:15
FNDA:3,setRegions
FNDA:3,setCategories
FNDA:3,setRestaurants
FNDA:5,setRestaurant
FNDA:2,selectRegion
FNDA:2,selectCategory
FNDA:4,loadInitialData
FNDA:1,(anonymous_7)
FNDA:5,loadRestaurants
FNDA:3,(anonymous_9)
FNDA:7,loadRestaurant
FNDA:1,(anonymous_11)
FNDA:3,changeLoginField
FNDA:1,setAccessToken
FNDA:1,requestLogin
FNDA:0,(anonymous_15)
DA:10,3
DA:17,3
DA:24,3
DA:31,5
DA:38,2
DA:45,2
DA:52,4
DA:53,1
DA:54,1
DA:56,1
DA:57,1
DA:62,5
DA:66,3
DA:68,3
DA:69,2
DA:72,1
DA:76,1
DA:81,7
DA:82,1
DA:84,1
DA:86,1
DA:91,3
DA:98,1
DA:105,1
DA:106,0
DA:108,0
DA:109,0
LF:27
LH:24
BRDA:68,0,0,2
BRDA:68,0,1,1
BRDA:68,1,0,3
BRDA:68,1,1,2
BRF:4
BRH:4
end_of_record
TN:
SF:src/reducer.js
FN:18,(anonymous_0)
FN:25,(anonymous_1)
FN:32,(anonymous_2)
FN:39,(anonymous_3)
FN:46,(anonymous_4)
FN:54,(anonymous_5)
FN:62,(anonymous_6)
FN:72,(anonymous_7)
FN:80,defaultReducer
FN:84,reducer
FNF:10
FNH:10
FNDA:1,(anonymous_0)
FNDA:1,(anonymous_1)
FNDA:1,(anonymous_2)
FNDA:1,(anonymous_3)
FNDA:1,(anonymous_4)
FNDA:1,(anonymous_5)
FNDA:2,(anonymous_6)
FNDA:1,(anonymous_7)
FNDA:1,defaultReducer
FNDA:10,reducer
DA:3,1
DA:17,1
DA:19,1
DA:26,1
DA:33,1
DA:40,1
DA:47,1
DA:48,1
DA:55,1
DA:56,1
DA:63,2
DA:73,1
DA:81,1
DA:85,10
LF:14
LH:14
BRDA:84,0,0,1
BRDA:85,1,0,10
BRDA:85,1,1,1
BRF:3
BRH:3
end_of_record
TN:
SF:src/utils.js
FN:1,get
FN:2,(anonymous_1)
FN:5,equal
FN:6,(anonymous_3)
FNF:4
FNH:4
FNDA:34,get
FNDA:34,(anonymous_1)
FNDA:4,equal
FNDA:4,(anonymous_3)
DA:2,34
DA:6,4
LF:2
LH:2
BRF:0
BRH:0
end_of_record
TN:
SF:src/services/api.js
FN:1,fetchRegions
FN:8,fetchCategories
FN:15,fetchRestaurants
FN:23,fetchRestaurant
FN:31,postLogin
FNF:5
FNH:4
FNDA:1,fetchRegions
FNDA:1,fetchCategories
FNDA:1,fetchRestaurants
FNDA:1,fetchRestaurant
FNDA:0,postLogin
DA:2,1
DA:3,1
DA:4,1
DA:5,1
DA:9,1
DA:10,1
DA:11,1
DA:12,1
DA:16,1
DA:18,1
DA:19,1
DA:20,1
DA:24,1
DA:26,1
DA:27,1
DA:28,1
DA:32,0
DA:33,0
DA:42,0
DA:43,0
LF:20
LH:16
BRF:0
BRH:0
end_of_record
